#
# There is insufficient memory for the Java Runtime Environment to continue.
# Native memory allocation (malloc) failed to allocate 437024 bytes for Chunk::new
# Possible reasons:
#   The system is out of physical RAM or swap space
#   The process is running with CompressedOops enabled, and the Java Heap may be blocking the growth of the native heap
# Possible solutions:
#   Reduce memory load on the system
#   Increase physical memory or swap space
#   Check if swap backing store is full
#   Decrease Java heap size (-Xmx/-Xms)
#   Decrease number of Java threads
#   Decrease Java thread stack sizes (-Xss)
#   Set larger code cache with -XX:ReservedCodeCacheSize=
#   JVM is running with Zero Based Compressed Oops mode in which the Java heap is
#     placed in the first 32GB address space. The Java Heap base address is the
#     maximum limit for the native heap growth. Please use -XX:HeapBaseMinAddress
#     to set the Java Heap base and to place the Java Heap above 32GB virtual address.
# This output file may be truncated or incomplete.
#
#  Out of Memory Error (arena.cpp:168), pid=39624, tid=10780
#
# JRE version: Java(TM) SE Runtime Environment (21.0.8+12) (build 21.0.8+12-LTS-250)
# Java VM: Java HotSpot(TM) 64-Bit Server VM (21.0.8+12-LTS-250, mixed mode, sharing, tiered, compressed oops, compressed class ptrs, g1 gc, windows-amd64)
# No core dump will be written. Minidumps are not enabled by default on client versions of Windows
#

---------------  S U M M A R Y ------------

Command Line: --enable-native-access=ALL-UNNAMED -Dclassworlds.conf=C:\Users\Dang Khoa\.m2\wrapper\dists\apache-maven-3.9.11\03d7e36a140982eea48e22c1dcac01d8862b2550b2939e09a0809bbc5182a5bc\bin\m2.conf -Dmaven.home=C:\Users\Dang Khoa\.m2\wrapper\dists\apache-maven-3.9.11\03d7e36a140982eea48e22c1dcac01d8862b2550b2939e09a0809bbc5182a5bc -Dlibrary.jansi.path=C:\Users\Dang Khoa\.m2\wrapper\dists\apache-maven-3.9.11\03d7e36a140982eea48e22c1dcac01d8862b2550b2939e09a0809bbc5182a5bc\lib\jansi-native -Dmaven.multiModuleProjectDirectory=D:\FPTU\Fall_2025\SWP391\Backend\ev-charging-station-management-system org.codehaus.plexus.classworlds.launcher.Launcher -DskipTests clean compile

Host: AMD Ryzen 7 6800H with Radeon Graphics         , 16 cores, 13G,  Windows 11 , 64 bit Build 26100 (10.0.26100.6725)
Time: Tue Oct 28 02:52:09 2025 SE Asia Standard Time elapsed time: 11.352543 seconds (0d 0h 0m 11s)

---------------  T H R E A D  ---------------

Current thread (0x000001ae8860e800):  JavaThread "C2 CompilerThread1" daemon [_thread_in_native, id=10780, stack(0x0000002d12400000,0x0000002d12500000) (1024K)]


Current CompileTask:
C2:  11352 3950       4       org.apache.maven.model.ConfigurationContainer::setLocation (156 bytes)

Stack: [0x0000002d12400000,0x0000002d12500000]
Native frames: (J=compiled Java code, j=interpreted, Vv=VM code, C=native code)
V  [jvm.dll+0x6cc179]
V  [jvm.dll+0x8584c1]
V  [jvm.dll+0x85a9ee]
V  [jvm.dll+0x85b0c3]
V  [jvm.dll+0x27ebf6]
V  [jvm.dll+0xc4f4d]
V  [jvm.dll+0xc5483]
V  [jvm.dll+0x3b6abc]
V  [jvm.dll+0x382a35]
V  [jvm.dll+0x381eaa]
V  [jvm.dll+0x247670]
V  [jvm.dll+0x246c4f]
V  [jvm.dll+0x1c7a3e]
V  [jvm.dll+0x256359]
V  [jvm.dll+0x2548ea]
V  [jvm.dll+0x3efef6]
V  [jvm.dll+0x80279b]
V  [jvm.dll+0x6ca85d]
C  [ucrtbase.dll+0x37b0]
C  [KERNEL32.DLL+0x2e8d7]
C  [ntdll.dll+0x8c53c]


---------------  P R O C E S S  ---------------

Threads class SMR info:
_java_thread_list=0x000001ae88953b60, length=15, elements={
0x000001ae216ae190, 0x000001ae42a3d370, 0x000001ae42a3dec0, 0x000001ae42a413a0,
0x000001ae42a41df0, 0x000001ae42a42840, 0x000001ae42a453d0, 0x000001ae42a539c0,
0x000001ae42a56070, 0x000001ae42cb5500, 0x000001ae42cb9d40, 0x000001ae8910ac20,
0x000001ae8860e800, 0x000001ae42c6d1c0, 0x000001ae42e6c2b0
}

Java Threads: ( => current thread )
  0x000001ae216ae190 JavaThread "main"                              [_thread_in_native, id=38000, stack(0x0000002d11000000,0x0000002d11100000) (1024K)]
  0x000001ae42a3d370 JavaThread "Reference Handler"          daemon [_thread_blocked, id=34424, stack(0x0000002d11800000,0x0000002d11900000) (1024K)]
  0x000001ae42a3dec0 JavaThread "Finalizer"                  daemon [_thread_blocked, id=21360, stack(0x0000002d11900000,0x0000002d11a00000) (1024K)]
  0x000001ae42a413a0 JavaThread "Signal Dispatcher"          daemon [_thread_blocked, id=36880, stack(0x0000002d11a00000,0x0000002d11b00000) (1024K)]
  0x000001ae42a41df0 JavaThread "Attach Listener"            daemon [_thread_blocked, id=31788, stack(0x0000002d11b00000,0x0000002d11c00000) (1024K)]
  0x000001ae42a42840 JavaThread "Service Thread"             daemon [_thread_blocked, id=13216, stack(0x0000002d11c00000,0x0000002d11d00000) (1024K)]
  0x000001ae42a453d0 JavaThread "Monitor Deflation Thread"   daemon [_thread_blocked, id=2372, stack(0x0000002d11d00000,0x0000002d11e00000) (1024K)]
  0x000001ae42a539c0 JavaThread "C2 CompilerThread0"         daemon [_thread_in_native, id=14312, stack(0x0000002d11e00000,0x0000002d11f00000) (1024K)]
  0x000001ae42a56070 JavaThread "C1 CompilerThread0"         daemon [_thread_blocked, id=38652, stack(0x0000002d11f00000,0x0000002d12000000) (1024K)]
  0x000001ae42cb5500 JavaThread "Notification Thread"        daemon [_thread_blocked, id=5560, stack(0x0000002d12100000,0x0000002d12200000) (1024K)]
  0x000001ae42cb9d40 JavaThread "Common-Cleaner"             daemon [_thread_blocked, id=38584, stack(0x0000002d12200000,0x0000002d12300000) (1024K)]
  0x000001ae8910ac20 JavaThread "Thread-1"                   daemon [_thread_blocked, id=33576, stack(0x0000002d12e00000,0x0000002d12f00000) (1024K)]
=>0x000001ae8860e800 JavaThread "C2 CompilerThread1"         daemon [_thread_in_native, id=10780, stack(0x0000002d12400000,0x0000002d12500000) (1024K)]
  0x000001ae42c6d1c0 JavaThread "C2 CompilerThread2"         daemon [_thread_in_native, id=39384, stack(0x0000002d12000000,0x0000002d12100000) (1024K)]
  0x000001ae42e6c2b0 JavaThread "C1 CompilerThread1"         daemon [_thread_blocked, id=36820, stack(0x0000002d12500000,0x0000002d12600000) (1024K)]
Total: 15

Other Threads:
  0x000001ae42a20a70 VMThread "VM Thread"                           [id=21292, stack(0x0000002d11700000,0x0000002d11800000) (1024K)]
  0x000001ae42a10620 WatcherThread "VM Periodic Task Thread"        [id=19808, stack(0x0000002d11600000,0x0000002d11700000) (1024K)]
  0x000001ae21906910 WorkerThread "GC Thread#0"                     [id=36516, stack(0x0000002d11100000,0x0000002d11200000) (1024K)]
  0x000001ae882e30f0 WorkerThread "GC Thread#1"                     [id=32740, stack(0x0000002d12600000,0x0000002d12700000) (1024K)]
  0x000001ae88976420 WorkerThread "GC Thread#2"                     [id=37316, stack(0x0000002d12700000,0x0000002d12800000) (1024K)]
  0x000001ae889767c0 WorkerThread "GC Thread#3"                     [id=37732, stack(0x0000002d12800000,0x0000002d12900000) (1024K)]
  0x000001ae88976b60 WorkerThread "GC Thread#4"                     [id=26584, stack(0x0000002d12900000,0x0000002d12a00000) (1024K)]
  0x000001ae889439a0 WorkerThread "GC Thread#5"                     [id=31308, stack(0x0000002d12a00000,0x0000002d12b00000) (1024K)]
  0x000001ae88997630 WorkerThread "GC Thread#6"                     [id=35668, stack(0x0000002d12b00000,0x0000002d12c00000) (1024K)]
  0x000001ae889979d0 WorkerThread "GC Thread#7"                     [id=11736, stack(0x0000002d12c00000,0x0000002d12d00000) (1024K)]
  0x000001ae88a951f0 WorkerThread "GC Thread#8"                     [id=36132, stack(0x0000002d12300000,0x0000002d12400000) (1024K)]
  0x000001ae88a94710 WorkerThread "GC Thread#9"                     [id=39248, stack(0x0000002d12d00000,0x0000002d12e00000) (1024K)]
  0x000001ae21915560 ConcurrentGCThread "G1 Main Marker"            [id=30028, stack(0x0000002d11200000,0x0000002d11300000) (1024K)]
  0x000001ae21917c30 WorkerThread "G1 Conc#0"                       [id=35180, stack(0x0000002d11300000,0x0000002d11400000) (1024K)]
  0x000001ae428d8180 ConcurrentGCThread "G1 Refine#0"               [id=37220, stack(0x0000002d11400000,0x0000002d11500000) (1024K)]
  0x000001ae428d9ba0 ConcurrentGCThread "G1 Service"                [id=3016, stack(0x0000002d11500000,0x0000002d11600000) (1024K)]
Total: 16

Threads with active compile tasks:
C2 CompilerThread0    19415 3957       4       org.codehaus.plexus.util.xml.pull.MXParser::parseAttribute (1438 bytes)
C2 CompilerThread1    19415 3950       4       org.apache.maven.model.ConfigurationContainer::setLocation (156 bytes)
Total: 2

VM state: not at safepoint (normal execution)

VM Mutex/Monitor currently owned by a thread: None

Heap address: 0x0000000724e00000, size: 3506 MB, Compressed Oops mode: Zero based, Oop shift amount: 3

CDS archive(s) mapped at: [0x000001ae43000000-0x000001ae43c90000-0x000001ae43c90000), size 13172736, SharedBaseAddress: 0x000001ae43000000, ArchiveRelocationMode: 1.
Compressed class space mapped at: 0x000001ae44000000-0x000001ae84000000, reserved size: 1073741824
Narrow klass base: 0x000001ae43000000, Narrow klass shift: 0, Narrow klass range: 0x100000000

GC Precious Log:
 CardTable entry size: 512
 Card Set container configuration: InlinePtr #cards 4 size 8 Array Of Cards #cards 16 size 48 Howl #buckets 8 coarsen threshold 3686 Howl Bitmap #cards 512 size 80 coarsen threshold 460 Card regions per heap region 1 cards per card region 4096
 CPUs: 16 total, 16 available
 Memory: 14020M
 Large Page Support: Disabled
 NUMA Support: Disabled
 Compressed Oops: Enabled (Zero based)
 Heap Region Size: 2M
 Heap Min Capacity: 8M
 Heap Initial Capacity: 220M
 Heap Max Capacity: 3506M
 Pre-touch: Disabled
 Parallel Workers: 13
 Concurrent Workers: 3
 Concurrent Refinement Workers: 13
 Periodic GC: Disabled

Heap:
 garbage-first heap   total 225280K, used 64591K [0x0000000724e00000, 0x0000000800000000)
  region size 2048K, 31 young (63488K), 1 survivors (2048K)
 Metaspace       used 15925K, committed 16128K, reserved 1114112K
  class space    used 1841K, committed 1920K, reserved 1048576K

Heap Regions: E=young(eden), S=young(survivor), O=old, HS=humongous(starts), HC=humongous(continues), CS=collection set, F=free, TAMS=top-at-mark-start, PB=parsable bottom
|   0|0x0000000724e00000, 0x0000000725000000, 0x0000000725000000|100%| O|  |TAMS 0x0000000724e00000| PB 0x0000000724e00000| Untracked 
|   1|0x0000000725000000, 0x000000072518a108, 0x0000000725200000| 76%| O|  |TAMS 0x0000000725000000| PB 0x0000000725000000| Untracked 
|   2|0x0000000725200000, 0x0000000725200000, 0x0000000725400000|  0%| F|  |TAMS 0x0000000725200000| PB 0x0000000725200000| Untracked 
|   3|0x0000000725400000, 0x0000000725400000, 0x0000000725600000|  0%| F|  |TAMS 0x0000000725400000| PB 0x0000000725400000| Untracked 
|   4|0x0000000725600000, 0x0000000725600000, 0x0000000725800000|  0%| F|  |TAMS 0x0000000725600000| PB 0x0000000725600000| Untracked 
|   5|0x0000000725800000, 0x0000000725800000, 0x0000000725a00000|  0%| F|  |TAMS 0x0000000725800000| PB 0x0000000725800000| Untracked 
|   6|0x0000000725a00000, 0x0000000725a00000, 0x0000000725c00000|  0%| F|  |TAMS 0x0000000725a00000| PB 0x0000000725a00000| Untracked 
|   7|0x0000000725c00000, 0x0000000725c00000, 0x0000000725e00000|  0%| F|  |TAMS 0x0000000725c00000| PB 0x0000000725c00000| Untracked 
|   8|0x0000000725e00000, 0x0000000725e00000, 0x0000000726000000|  0%| F|  |TAMS 0x0000000725e00000| PB 0x0000000725e00000| Untracked 
|   9|0x0000000726000000, 0x0000000726000000, 0x0000000726200000|  0%| F|  |TAMS 0x0000000726000000| PB 0x0000000726000000| Untracked 
|  10|0x0000000726200000, 0x0000000726200000, 0x0000000726400000|  0%| F|  |TAMS 0x0000000726200000| PB 0x0000000726200000| Untracked 
|  11|0x0000000726400000, 0x0000000726400000, 0x0000000726600000|  0%| F|  |TAMS 0x0000000726400000| PB 0x0000000726400000| Untracked 
|  12|0x0000000726600000, 0x0000000726600000, 0x0000000726800000|  0%| F|  |TAMS 0x0000000726600000| PB 0x0000000726600000| Untracked 
|  13|0x0000000726800000, 0x0000000726800000, 0x0000000726a00000|  0%| F|  |TAMS 0x0000000726800000| PB 0x0000000726800000| Untracked 
|  14|0x0000000726a00000, 0x0000000726a00000, 0x0000000726c00000|  0%| F|  |TAMS 0x0000000726a00000| PB 0x0000000726a00000| Untracked 
|  15|0x0000000726c00000, 0x0000000726c00000, 0x0000000726e00000|  0%| F|  |TAMS 0x0000000726c00000| PB 0x0000000726c00000| Untracked 
|  16|0x0000000726e00000, 0x0000000726e00000, 0x0000000727000000|  0%| F|  |TAMS 0x0000000726e00000| PB 0x0000000726e00000| Untracked 
|  17|0x0000000727000000, 0x0000000727000000, 0x0000000727200000|  0%| F|  |TAMS 0x0000000727000000| PB 0x0000000727000000| Untracked 
|  18|0x0000000727200000, 0x0000000727200000, 0x0000000727400000|  0%| F|  |TAMS 0x0000000727200000| PB 0x0000000727200000| Untracked 
|  19|0x0000000727400000, 0x0000000727400000, 0x0000000727600000|  0%| F|  |TAMS 0x0000000727400000| PB 0x0000000727400000| Untracked 
|  20|0x0000000727600000, 0x0000000727600000, 0x0000000727800000|  0%| F|  |TAMS 0x0000000727600000| PB 0x0000000727600000| Untracked 
|  21|0x0000000727800000, 0x0000000727800000, 0x0000000727a00000|  0%| F|  |TAMS 0x0000000727800000| PB 0x0000000727800000| Untracked 
|  22|0x0000000727a00000, 0x0000000727a00000, 0x0000000727c00000|  0%| F|  |TAMS 0x0000000727a00000| PB 0x0000000727a00000| Untracked 
|  23|0x0000000727c00000, 0x0000000727c00000, 0x0000000727e00000|  0%| F|  |TAMS 0x0000000727c00000| PB 0x0000000727c00000| Untracked 
|  24|0x0000000727e00000, 0x0000000727e00000, 0x0000000728000000|  0%| F|  |TAMS 0x0000000727e00000| PB 0x0000000727e00000| Untracked 
|  25|0x0000000728000000, 0x0000000728000000, 0x0000000728200000|  0%| F|  |TAMS 0x0000000728000000| PB 0x0000000728000000| Untracked 
|  26|0x0000000728200000, 0x0000000728200000, 0x0000000728400000|  0%| F|  |TAMS 0x0000000728200000| PB 0x0000000728200000| Untracked 
|  27|0x0000000728400000, 0x0000000728400000, 0x0000000728600000|  0%| F|  |TAMS 0x0000000728400000| PB 0x0000000728400000| Untracked 
|  28|0x0000000728600000, 0x0000000728600000, 0x0000000728800000|  0%| F|  |TAMS 0x0000000728600000| PB 0x0000000728600000| Untracked 
|  29|0x0000000728800000, 0x0000000728800000, 0x0000000728a00000|  0%| F|  |TAMS 0x0000000728800000| PB 0x0000000728800000| Untracked 
|  30|0x0000000728a00000, 0x0000000728a00000, 0x0000000728c00000|  0%| F|  |TAMS 0x0000000728a00000| PB 0x0000000728a00000| Untracked 
|  31|0x0000000728c00000, 0x0000000728c00000, 0x0000000728e00000|  0%| F|  |TAMS 0x0000000728c00000| PB 0x0000000728c00000| Untracked 
|  32|0x0000000728e00000, 0x0000000728e00000, 0x0000000729000000|  0%| F|  |TAMS 0x0000000728e00000| PB 0x0000000728e00000| Untracked 
|  33|0x0000000729000000, 0x0000000729000000, 0x0000000729200000|  0%| F|  |TAMS 0x0000000729000000| PB 0x0000000729000000| Untracked 
|  34|0x0000000729200000, 0x0000000729200000, 0x0000000729400000|  0%| F|  |TAMS 0x0000000729200000| PB 0x0000000729200000| Untracked 
|  35|0x0000000729400000, 0x0000000729400000, 0x0000000729600000|  0%| F|  |TAMS 0x0000000729400000| PB 0x0000000729400000| Untracked 
|  36|0x0000000729600000, 0x0000000729600000, 0x0000000729800000|  0%| F|  |TAMS 0x0000000729600000| PB 0x0000000729600000| Untracked 
|  37|0x0000000729800000, 0x0000000729800000, 0x0000000729a00000|  0%| F|  |TAMS 0x0000000729800000| PB 0x0000000729800000| Untracked 
|  38|0x0000000729a00000, 0x0000000729a00000, 0x0000000729c00000|  0%| F|  |TAMS 0x0000000729a00000| PB 0x0000000729a00000| Untracked 
|  39|0x0000000729c00000, 0x0000000729c00000, 0x0000000729e00000|  0%| F|  |TAMS 0x0000000729c00000| PB 0x0000000729c00000| Untracked 
|  40|0x0000000729e00000, 0x0000000729e00000, 0x000000072a000000|  0%| F|  |TAMS 0x0000000729e00000| PB 0x0000000729e00000| Untracked 
|  41|0x000000072a000000, 0x000000072a000000, 0x000000072a200000|  0%| F|  |TAMS 0x000000072a000000| PB 0x000000072a000000| Untracked 
|  42|0x000000072a200000, 0x000000072a200000, 0x000000072a400000|  0%| F|  |TAMS 0x000000072a200000| PB 0x000000072a200000| Untracked 
|  43|0x000000072a400000, 0x000000072a400000, 0x000000072a600000|  0%| F|  |TAMS 0x000000072a400000| PB 0x000000072a400000| Untracked 
|  44|0x000000072a600000, 0x000000072a600000, 0x000000072a800000|  0%| F|  |TAMS 0x000000072a600000| PB 0x000000072a600000| Untracked 
|  45|0x000000072a800000, 0x000000072a800000, 0x000000072aa00000|  0%| F|  |TAMS 0x000000072a800000| PB 0x000000072a800000| Untracked 
|  46|0x000000072aa00000, 0x000000072aa00000, 0x000000072ac00000|  0%| F|  |TAMS 0x000000072aa00000| PB 0x000000072aa00000| Untracked 
|  47|0x000000072ac00000, 0x000000072ac00000, 0x000000072ae00000|  0%| F|  |TAMS 0x000000072ac00000| PB 0x000000072ac00000| Untracked 
|  48|0x000000072ae00000, 0x000000072ae00000, 0x000000072b000000|  0%| F|  |TAMS 0x000000072ae00000| PB 0x000000072ae00000| Untracked 
|  49|0x000000072b000000, 0x000000072b000000, 0x000000072b200000|  0%| F|  |TAMS 0x000000072b000000| PB 0x000000072b000000| Untracked 
|  50|0x000000072b200000, 0x000000072b200000, 0x000000072b400000|  0%| F|  |TAMS 0x000000072b200000| PB 0x000000072b200000| Untracked 
|  51|0x000000072b400000, 0x000000072b400000, 0x000000072b600000|  0%| F|  |TAMS 0x000000072b400000| PB 0x000000072b400000| Untracked 
|  52|0x000000072b600000, 0x000000072b600000, 0x000000072b800000|  0%| F|  |TAMS 0x000000072b600000| PB 0x000000072b600000| Untracked 
|  53|0x000000072b800000, 0x000000072b800000, 0x000000072ba00000|  0%| F|  |TAMS 0x000000072b800000| PB 0x000000072b800000| Untracked 
|  54|0x000000072ba00000, 0x000000072ba00000, 0x000000072bc00000|  0%| F|  |TAMS 0x000000072ba00000| PB 0x000000072ba00000| Untracked 
|  55|0x000000072bc00000, 0x000000072bc00000, 0x000000072be00000|  0%| F|  |TAMS 0x000000072bc00000| PB 0x000000072bc00000| Untracked 
|  56|0x000000072be00000, 0x000000072be00000, 0x000000072c000000|  0%| F|  |TAMS 0x000000072be00000| PB 0x000000072be00000| Untracked 
|  57|0x000000072c000000, 0x000000072c000000, 0x000000072c200000|  0%| F|  |TAMS 0x000000072c000000| PB 0x000000072c000000| Untracked 
|  58|0x000000072c200000, 0x000000072c200000, 0x000000072c400000|  0%| F|  |TAMS 0x000000072c200000| PB 0x000000072c200000| Untracked 
|  59|0x000000072c400000, 0x000000072c400000, 0x000000072c600000|  0%| F|  |TAMS 0x000000072c400000| PB 0x000000072c400000| Untracked 
|  60|0x000000072c600000, 0x000000072c600000, 0x000000072c800000|  0%| F|  |TAMS 0x000000072c600000| PB 0x000000072c600000| Untracked 
|  61|0x000000072c800000, 0x000000072c800000, 0x000000072ca00000|  0%| F|  |TAMS 0x000000072c800000| PB 0x000000072c800000| Untracked 
|  62|0x000000072ca00000, 0x000000072ca00000, 0x000000072cc00000|  0%| F|  |TAMS 0x000000072ca00000| PB 0x000000072ca00000| Untracked 
|  63|0x000000072cc00000, 0x000000072cc00000, 0x000000072ce00000|  0%| F|  |TAMS 0x000000072cc00000| PB 0x000000072cc00000| Untracked 
|  64|0x000000072ce00000, 0x000000072ce00000, 0x000000072d000000|  0%| F|  |TAMS 0x000000072ce00000| PB 0x000000072ce00000| Untracked 
|  65|0x000000072d000000, 0x000000072d000000, 0x000000072d200000|  0%| F|  |TAMS 0x000000072d000000| PB 0x000000072d000000| Untracked 
|  66|0x000000072d200000, 0x000000072d200000, 0x000000072d400000|  0%| F|  |TAMS 0x000000072d200000| PB 0x000000072d200000| Untracked 
|  67|0x000000072d400000, 0x000000072d400000, 0x000000072d600000|  0%| F|  |TAMS 0x000000072d400000| PB 0x000000072d400000| Untracked 
|  68|0x000000072d600000, 0x000000072d600000, 0x000000072d800000|  0%| F|  |TAMS 0x000000072d600000| PB 0x000000072d600000| Untracked 
|  69|0x000000072d800000, 0x000000072d800000, 0x000000072da00000|  0%| F|  |TAMS 0x000000072d800000| PB 0x000000072d800000| Untracked 
|  70|0x000000072da00000, 0x000000072da00000, 0x000000072dc00000|  0%| F|  |TAMS 0x000000072da00000| PB 0x000000072da00000| Untracked 
|  71|0x000000072dc00000, 0x000000072dc00000, 0x000000072de00000|  0%| F|  |TAMS 0x000000072dc00000| PB 0x000000072dc00000| Untracked 
|  72|0x000000072de00000, 0x000000072de00000, 0x000000072e000000|  0%| F|  |TAMS 0x000000072de00000| PB 0x000000072de00000| Untracked 
|  73|0x000000072e000000, 0x000000072e000000, 0x000000072e200000|  0%| F|  |TAMS 0x000000072e000000| PB 0x000000072e000000| Untracked 
|  74|0x000000072e200000, 0x000000072e200000, 0x000000072e400000|  0%| F|  |TAMS 0x000000072e200000| PB 0x000000072e200000| Untracked 
|  75|0x000000072e400000, 0x000000072e400000, 0x000000072e600000|  0%| F|  |TAMS 0x000000072e400000| PB 0x000000072e400000| Untracked 
|  76|0x000000072e600000, 0x000000072e600000, 0x000000072e800000|  0%| F|  |TAMS 0x000000072e600000| PB 0x000000072e600000| Untracked 
|  77|0x000000072e800000, 0x000000072e800000, 0x000000072ea00000|  0%| F|  |TAMS 0x000000072e800000| PB 0x000000072e800000| Untracked 
|  78|0x000000072ea00000, 0x000000072ea00000, 0x000000072ec00000|  0%| F|  |TAMS 0x000000072ea00000| PB 0x000000072ea00000| Untracked 
|  79|0x000000072ec00000, 0x000000072edea168, 0x000000072ee00000| 95%| E|  |TAMS 0x000000072ec00000| PB 0x000000072ec00000| Complete 
|  80|0x000000072ee00000, 0x000000072f000000, 0x000000072f000000|100%| E|CS|TAMS 0x000000072ee00000| PB 0x000000072ee00000| Complete 
|  81|0x000000072f000000, 0x000000072f200000, 0x000000072f200000|100%| E|CS|TAMS 0x000000072f000000| PB 0x000000072f000000| Complete 
|  82|0x000000072f200000, 0x000000072f400000, 0x000000072f400000|100%| E|CS|TAMS 0x000000072f200000| PB 0x000000072f200000| Complete 
|  83|0x000000072f400000, 0x000000072f600000, 0x000000072f600000|100%| E|CS|TAMS 0x000000072f400000| PB 0x000000072f400000| Complete 
|  84|0x000000072f600000, 0x000000072f800000, 0x000000072f800000|100%| E|CS|TAMS 0x000000072f600000| PB 0x000000072f600000| Complete 
|  85|0x000000072f800000, 0x000000072fa00000, 0x000000072fa00000|100%| E|CS|TAMS 0x000000072f800000| PB 0x000000072f800000| Complete 
|  86|0x000000072fa00000, 0x000000072fc00000, 0x000000072fc00000|100%| E|CS|TAMS 0x000000072fa00000| PB 0x000000072fa00000| Complete 
|  87|0x000000072fc00000, 0x000000072fe00000, 0x000000072fe00000|100%| E|CS|TAMS 0x000000072fc00000| PB 0x000000072fc00000| Complete 
|  88|0x000000072fe00000, 0x0000000730000000, 0x0000000730000000|100%| E|CS|TAMS 0x000000072fe00000| PB 0x000000072fe00000| Complete 
|  89|0x0000000730000000, 0x0000000730200000, 0x0000000730200000|100%| E|CS|TAMS 0x0000000730000000| PB 0x0000000730000000| Complete 
|  90|0x0000000730200000, 0x0000000730400000, 0x0000000730400000|100%| E|CS|TAMS 0x0000000730200000| PB 0x0000000730200000| Complete 
|  91|0x0000000730400000, 0x0000000730589d08, 0x0000000730600000| 76%| S|CS|TAMS 0x0000000730400000| PB 0x0000000730400000| Complete 
|  92|0x0000000730600000, 0x0000000730800000, 0x0000000730800000|100%| E|CS|TAMS 0x0000000730600000| PB 0x0000000730600000| Complete 
|  93|0x0000000730800000, 0x0000000730a00000, 0x0000000730a00000|100%| E|CS|TAMS 0x0000000730800000| PB 0x0000000730800000| Complete 
|  94|0x0000000730a00000, 0x0000000730c00000, 0x0000000730c00000|100%| E|CS|TAMS 0x0000000730a00000| PB 0x0000000730a00000| Complete 
|  95|0x0000000730c00000, 0x0000000730e00000, 0x0000000730e00000|100%| E|CS|TAMS 0x0000000730c00000| PB 0x0000000730c00000| Complete 
|  96|0x0000000730e00000, 0x0000000731000000, 0x0000000731000000|100%| E|CS|TAMS 0x0000000730e00000| PB 0x0000000730e00000| Complete 
|  97|0x0000000731000000, 0x0000000731200000, 0x0000000731200000|100%| E|CS|TAMS 0x0000000731000000| PB 0x0000000731000000| Complete 
|  98|0x0000000731200000, 0x0000000731400000, 0x0000000731400000|100%| E|CS|TAMS 0x0000000731200000| PB 0x0000000731200000| Complete 
|  99|0x0000000731400000, 0x0000000731600000, 0x0000000731600000|100%| E|CS|TAMS 0x0000000731400000| PB 0x0000000731400000| Complete 
| 100|0x0000000731600000, 0x0000000731800000, 0x0000000731800000|100%| E|CS|TAMS 0x0000000731600000| PB 0x0000000731600000| Complete 
| 101|0x0000000731800000, 0x0000000731a00000, 0x0000000731a00000|100%| E|CS|TAMS 0x0000000731800000| PB 0x0000000731800000| Complete 
| 102|0x0000000731a00000, 0x0000000731c00000, 0x0000000731c00000|100%| E|CS|TAMS 0x0000000731a00000| PB 0x0000000731a00000| Complete 
| 103|0x0000000731c00000, 0x0000000731e00000, 0x0000000731e00000|100%| E|CS|TAMS 0x0000000731c00000| PB 0x0000000731c00000| Complete 
| 104|0x0000000731e00000, 0x0000000732000000, 0x0000000732000000|100%| E|CS|TAMS 0x0000000731e00000| PB 0x0000000731e00000| Complete 
| 105|0x0000000732000000, 0x0000000732200000, 0x0000000732200000|100%| E|CS|TAMS 0x0000000732000000| PB 0x0000000732000000| Complete 
| 106|0x0000000732200000, 0x0000000732400000, 0x0000000732400000|100%| E|CS|TAMS 0x0000000732200000| PB 0x0000000732200000| Complete 
| 107|0x0000000732400000, 0x0000000732600000, 0x0000000732600000|100%| E|CS|TAMS 0x0000000732400000| PB 0x0000000732400000| Complete 
| 108|0x0000000732600000, 0x0000000732800000, 0x0000000732800000|100%| E|CS|TAMS 0x0000000732600000| PB 0x0000000732600000| Complete 
| 109|0x0000000732800000, 0x0000000732a00000, 0x0000000732a00000|100%| E|CS|TAMS 0x0000000732800000| PB 0x0000000732800000| Complete 

Card table byte_map: [0x000001ae3bc40000,0x000001ae3c320000] _byte_map_base: 0x000001ae38319000

Marking Bits: (CMBitMap*) 0x000001ae21907010
 Bits: [0x000001ae3c320000, 0x000001ae3f9e8000)

Polling page: 0x000001ae21970000

Metaspace:

Usage:
  Non-class:     13.76 MB used.
      Class:      1.80 MB used.
       Both:     15.56 MB used.

Virtual space:
  Non-class space:       64.00 MB reserved,      13.88 MB ( 22%) committed,  1 nodes.
      Class space:        1.00 GB reserved,       1.88 MB ( <1%) committed,  1 nodes.
             Both:        1.06 GB reserved,      15.75 MB (  1%) committed. 

Chunk freelists:
   Non-Class:  1.81 MB
       Class:  13.94 MB
        Both:  15.75 MB

MaxMetaspaceSize: unlimited
CompressedClassSpaceSize: 1.00 GB
Initial GC threshold: 21.00 MB
Current GC threshold: 21.00 MB
CDS: on
 - commit_granule_bytes: 65536.
 - commit_granule_words: 8192.
 - virtual_space_node_default_size: 8388608.
 - enlarge_chunks_in_place: 1.
 - use_allocation_guard: 0.


Internal statistics:

num_allocs_failed_limit: 0.
num_arena_births: 172.
num_arena_deaths: 0.
num_vsnodes_births: 2.
num_vsnodes_deaths: 0.
num_space_committed: 252.
num_space_uncommitted: 0.
num_chunks_returned_to_freelist: 0.
num_chunks_taken_from_freelist: 688.
num_chunk_merges: 0.
num_chunk_splits: 484.
num_chunks_enlarged: 401.
num_inconsistent_stats: 0.

CodeHeap 'non-profiled nmethods': size=119168Kb used=1619Kb max_used=1619Kb free=117548Kb
 bounds [0x000001ae33230000, 0x000001ae334a0000, 0x000001ae3a690000]
CodeHeap 'profiled nmethods': size=119104Kb used=8272Kb max_used=8272Kb free=110831Kb
 bounds [0x000001ae2b690000, 0x000001ae2beb0000, 0x000001ae32ae0000]
CodeHeap 'non-nmethods': size=7488Kb used=1962Kb max_used=3117Kb free=5525Kb
 bounds [0x000001ae32ae0000, 0x000001ae32df0000, 0x000001ae33230000]
 total_blobs=4487 nmethods=3994 adapters=396
 compilation: enabled
              stopped_count=0, restarted_count=0
 full_count=0

Compilation events (20 events):
Event: 7.329 Thread 0x000001ae8860e800 3950       4       org.apache.maven.model.ConfigurationContainer::setLocation (156 bytes)
Event: 7.329 Thread 0x000001ae42c6d1c0 3951       1       org.apache.maven.model.FileSet::setDirectory (6 bytes)
Event: 7.329 Thread 0x000001ae42a56070 3952       1       org.apache.maven.model.Resource::getFiltering (5 bytes)
Event: 7.329 Thread 0x000001ae42a56070 nmethod 3952 0x000001ae333bd790 code [0x000001ae333bd920, 0x000001ae333bd9f0]
Event: 7.329 Thread 0x000001ae42c6d1c0 nmethod 3951 0x000001ae333bda90 code [0x000001ae333bdc20, 0x000001ae333bdd38]
Event: 7.329 Thread 0x000001ae42a539c0 3953       4       java.util.regex.Pattern$CharPropertyGreedy::match (160 bytes)
Event: 7.329 Thread 0x000001ae42a56070 3954       1       org.apache.maven.model.Model::getModelVersion (5 bytes)
Event: 7.329 Thread 0x000001ae42a56070 nmethod 3954 0x000001ae333bdd90 code [0x000001ae333bdf20, 0x000001ae333bdff0]
Event: 7.335 Thread 0x000001ae42a56070 3958       1       org.apache.maven.model.Scm::setConnection (6 bytes)
Event: 7.335 Thread 0x000001ae42c6d1c0 3959       1       org.apache.maven.model.Scm::setDeveloperConnection (6 bytes)
Event: 7.335 Thread 0x000001ae42a56070 nmethod 3958 0x000001ae333be090 code [0x000001ae333be220, 0x000001ae333be338]
Event: 7.335 Thread 0x000001ae42c6d1c0 nmethod 3959 0x000001ae333be390 code [0x000001ae333be520, 0x000001ae333be638]
Event: 7.337 Thread 0x000001ae42a56070 3961       3       org.eclipse.aether.internal.impl.DefaultRemoteRepositoryManager::getKey (5 bytes)
Event: 7.337 Thread 0x000001ae42c6d1c0 3962       1       java.util.Collections$EmptyList::hashCode (2 bytes)
Event: 7.337 Thread 0x000001ae42a56070 nmethod 3961 0x000001ae2be82890 code [0x000001ae2be82a20, 0x000001ae2be82b50]
Event: 7.337 Thread 0x000001ae42c6d1c0 nmethod 3962 0x000001ae333be690 code [0x000001ae333be820, 0x000001ae333be8e8]
Event: 7.347 Thread 0x000001ae42a539c0 nmethod 3953 0x000001ae333be990 code [0x000001ae333bec20, 0x000001ae333bfa68]
Event: 7.347 Thread 0x000001ae42a539c0 3957       4       org.codehaus.plexus.util.xml.pull.MXParser::parseAttribute (1438 bytes)
Event: 7.350 Thread 0x000001ae42a56070 3964       3       org.eclipse.aether.repository.RepositoryPolicy::<init> (38 bytes)
Event: 7.351 Thread 0x000001ae42a56070 nmethod 3964 0x000001ae2be82c10 code [0x000001ae2be82dc0, 0x000001ae2be830a0]

GC Heap History (4 events):
Event: 1.100 GC heap before
{Heap before GC invocations=0 (full 0):
 garbage-first heap   total 225280K, used 22528K [0x0000000724e00000, 0x0000000800000000)
  region size 2048K, 11 young (22528K), 0 survivors (0K)
 Metaspace       used 5548K, committed 5824K, reserved 1114112K
  class space    used 631K, committed 768K, reserved 1048576K
}
Event: 1.108 GC heap after
{Heap after GC invocations=1 (full 0):
 garbage-first heap   total 225280K, used 3837K [0x0000000724e00000, 0x0000000800000000)
  region size 2048K, 2 young (4096K), 2 survivors (4096K)
 Metaspace       used 5548K, committed 5824K, reserved 1114112K
  class space    used 631K, committed 768K, reserved 1048576K
}
Event: 2.758 GC heap before
{Heap before GC invocations=1 (full 0):
 garbage-first heap   total 225280K, used 36605K [0x0000000724e00000, 0x0000000800000000)
  region size 2048K, 18 young (36864K), 2 survivors (4096K)
 Metaspace       used 9221K, committed 9408K, reserved 1114112K
  class space    used 1078K, committed 1152K, reserved 1048576K
}
Event: 2.814 GC heap after
{Heap after GC invocations=2 (full 0):
 garbage-first heap   total 225280K, used 5199K [0x0000000724e00000, 0x0000000800000000)
  region size 2048K, 1 young (2048K), 1 survivors (2048K)
 Metaspace       used 9221K, committed 9408K, reserved 1114112K
  class space    used 1078K, committed 1152K, reserved 1048576K
}

Dll operation events (8 events):
Event: 0.014 Loaded shared library C:\Program Files\Java\jdk-21\bin\java.dll
Event: 0.066 Loaded shared library C:\Program Files\Java\jdk-21\bin\jsvml.dll
Event: 0.105 Loaded shared library C:\Program Files\Java\jdk-21\bin\net.dll
Event: 0.110 Loaded shared library C:\Program Files\Java\jdk-21\bin\nio.dll
Event: 0.118 Loaded shared library C:\Program Files\Java\jdk-21\bin\zip.dll
Event: 0.423 Loaded shared library C:\Program Files\Java\jdk-21\bin\jimage.dll
Event: 0.428 Loaded shared library C:\Users\Dang Khoa\.m2\wrapper\dists\apache-maven-3.9.11\03d7e36a140982eea48e22c1dcac01d8862b2550b2939e09a0809bbc5182a5bc\lib\jansi-native\Windows\x86_64\jansi.dll
Event: 0.453 Loaded shared library C:\Program Files\Java\jdk-21\bin\verify.dll

Deoptimization events (20 events):
Event: 7.263 Thread 0x000001ae216ae190 Uncommon trap: trap_request=0xffffffc6 fr.pc=0x000001ae333726d0 relative=0x0000000000000890
Event: 7.263 Thread 0x000001ae216ae190 Uncommon trap: reason=bimorphic_or_optimized_type_check action=maybe_recompile pc=0x000001ae333726d0 method=java.util.HashMap.putVal(ILjava/lang/Object;Ljava/lang/Object;ZZ)Ljava/lang/Object; @ 203 c2
Event: 7.263 Thread 0x000001ae216ae190 DEOPT PACKING pc=0x000001ae333726d0 sp=0x0000002d110fdc00
Event: 7.263 Thread 0x000001ae216ae190 DEOPT UNPACKING pc=0x000001ae32b346a2 sp=0x0000002d110fdbc0 mode 2
Event: 7.263 Thread 0x000001ae216ae190 Uncommon trap: trap_request=0xffffff45 fr.pc=0x000001ae332f97fc relative=0x00000000000001bc
Event: 7.263 Thread 0x000001ae216ae190 Uncommon trap: reason=unstable_if action=reinterpret pc=0x000001ae332f97fc method=java.util.HashMap.getNode(Ljava/lang/Object;)Ljava/util/HashMap$Node; @ 66 c2
Event: 7.263 Thread 0x000001ae216ae190 DEOPT PACKING pc=0x000001ae332f97fc sp=0x0000002d110fdc80
Event: 7.264 Thread 0x000001ae216ae190 DEOPT UNPACKING pc=0x000001ae32b346a2 sp=0x0000002d110fdc00 mode 2
Event: 7.264 Thread 0x000001ae216ae190 Uncommon trap: trap_request=0xffffff45 fr.pc=0x000001ae3337269c relative=0x000000000000085c
Event: 7.264 Thread 0x000001ae216ae190 Uncommon trap: reason=unstable_if action=reinterpret pc=0x000001ae3337269c method=java.util.HashMap.putVal(ILjava/lang/Object;Ljava/lang/Object;ZZ)Ljava/lang/Object; @ 94 c2
Event: 7.264 Thread 0x000001ae216ae190 DEOPT PACKING pc=0x000001ae3337269c sp=0x0000002d110fdc00
Event: 7.264 Thread 0x000001ae216ae190 DEOPT UNPACKING pc=0x000001ae32b346a2 sp=0x0000002d110fdb98 mode 2
Event: 7.348 Thread 0x000001ae216ae190 Uncommon trap: trap_request=0xffffffbe fr.pc=0x000001ae333bf854 relative=0x0000000000000c34
Event: 7.348 Thread 0x000001ae216ae190 Uncommon trap: reason=profile_predicate action=maybe_recompile pc=0x000001ae333bf854 method=java.util.regex.Pattern$CharPropertyGreedy.match(Ljava/util/regex/Matcher;ILjava/lang/CharSequence;)Z @ 15 c2
Event: 7.348 Thread 0x000001ae216ae190 DEOPT PACKING pc=0x000001ae333bf854 sp=0x0000002d110fc490
Event: 7.348 Thread 0x000001ae216ae190 DEOPT UNPACKING pc=0x000001ae32b346a2 sp=0x0000002d110fc420 mode 2
Event: 7.350 Thread 0x000001ae216ae190 Uncommon trap: trap_request=0xffffffbe fr.pc=0x000001ae333bf854 relative=0x0000000000000c34
Event: 7.350 Thread 0x000001ae216ae190 Uncommon trap: reason=profile_predicate action=maybe_recompile pc=0x000001ae333bf854 method=java.util.regex.Pattern$CharPropertyGreedy.match(Ljava/util/regex/Matcher;ILjava/lang/CharSequence;)Z @ 15 c2
Event: 7.350 Thread 0x000001ae216ae190 DEOPT PACKING pc=0x000001ae333bf854 sp=0x0000002d110fc530
Event: 10.351 Thread 0x000001ae216ae190 DEOPT UNPACKING pc=0x000001ae32b346a2 sp=0x0000002d110fc4c0 mode 2

Classes loaded (20 events):
Event: 4.390 Loading class sun/nio/ch/Interruptible done
Event: 4.390 Loading class java/nio/channels/spi/AbstractInterruptibleChannel$1 done
Event: 4.391 Loading class java/util/AbstractMap$2
Event: 4.391 Loading class java/util/AbstractMap$2 done
Event: 4.391 Loading class java/util/AbstractMap$2$1
Event: 4.391 Loading class java/util/AbstractMap$2$1 done
Event: 4.506 Loading class java/util/StringTokenizer
Event: 4.507 Loading class java/util/StringTokenizer done
Event: 4.698 Loading class java/util/stream/Streams$RangeIntSpliterator
Event: 4.704 Loading class java/util/stream/Streams$RangeIntSpliterator done
Event: 7.009 Loading class java/util/stream/MatchOps$MatchKind
Event: 7.010 Loading class java/util/stream/MatchOps$MatchKind done
Event: 7.010 Loading class java/util/stream/MatchOps
Event: 7.010 Loading class java/util/stream/MatchOps done
Event: 7.010 Loading class java/util/stream/MatchOps$MatchOp
Event: 7.011 Loading class java/util/stream/MatchOps$MatchOp done
Event: 7.011 Loading class java/util/stream/MatchOps$BooleanTerminalSink
Event: 7.011 Loading class java/util/stream/MatchOps$BooleanTerminalSink done
Event: 7.011 Loading class java/util/stream/MatchOps$1MatchSink
Event: 7.012 Loading class java/util/stream/MatchOps$1MatchSink done

Classes unloaded (0 events):
No events

Classes redefined (0 events):
No events

Internal exceptions (20 events):
Event: 3.286 Thread 0x000001ae216ae190 Exception <a 'java/lang/NoSuchMethodError'{0x00000007321306f0}: 'long java.lang.invoke.DirectMethodHandle$Holder.invokeStatic(java.lang.Object, java.lang.Object, int)'> (0x00000007321306f0) 
thrown [s\open\src\hotspot\share\interpreter\linkResolver.cpp, line 773]
Event: 3.300 Thread 0x000001ae216ae190 Exception <a 'java/lang/NoSuchMethodError'{0x00000007321437c8}: 'java.lang.Object java.lang.invoke.DirectMethodHandle$Holder.invokeStatic(java.lang.Object, java.lang.Object, java.lang.Object, java.lang.Object, int)'> (0x00000007321437c8) 
thrown [s\open\src\hotspot\share\interpreter\linkResolver.cpp, line 773]
Event: 3.302 Thread 0x000001ae216ae190 Exception <a 'java/lang/NoSuchMethodError'{0x00000007321842c8}: 'java.lang.Object java.lang.invoke.DirectMethodHandle$Holder.invokeSpecial(java.lang.Object, java.lang.Object, java.lang.Object, java.lang.Object, long)'> (0x00000007321842c8) 
thrown [s\open\src\hotspot\share\interpreter\linkResolver.cpp, line 773]
Event: 3.305 Thread 0x000001ae216ae190 Exception <a 'java/lang/NoSuchMethodError'{0x000000073218fde8}: 'java.lang.Object java.lang.invoke.DirectMethodHandle$Holder.invokeSpecial(java.lang.Object, java.lang.Object, java.lang.Object, int, java.lang.Object)'> (0x000000073218fde8) 
thrown [s\open\src\hotspot\share\interpreter\linkResolver.cpp, line 773]
Event: 3.306 Thread 0x000001ae216ae190 Exception <a 'java/lang/NoSuchMethodError'{0x0000000732197f28}: 'int java.lang.invoke.DirectMethodHandle$Holder.invokeSpecial(java.lang.Object, java.lang.Object, java.lang.Object, int)'> (0x0000000732197f28) 
thrown [s\open\src\hotspot\share\interpreter\linkResolver.cpp, line 773]
Event: 3.314 Thread 0x000001ae216ae190 Implicit null exception at 0x000001ae332b63dd to 0x000001ae332b65e8
Event: 3.317 Thread 0x000001ae216ae190 Exception <a 'java/lang/NoSuchMethodError'{0x00000007321bcd58}: 'java.lang.Object java.lang.invoke.Invokers$Holder.invokeExact_MT(java.lang.Object, int, java.lang.Object)'> (0x00000007321bcd58) 
thrown [s\open\src\hotspot\share\interpreter\linkResolver.cpp, line 773]
Event: 3.722 Thread 0x000001ae216ae190 Exception <a 'java/lang/NoSuchMethodError'{0x00000007319fa190}: 'void java.lang.invoke.Invokers$Holder.invokeExact_MT(java.lang.Object, java.lang.Object, java.lang.Object, java.lang.Object)'> (0x00000007319fa190) 
thrown [s\open\src\hotspot\share\interpreter\linkResolver.cpp, line 773]
Event: 3.765 Thread 0x000001ae216ae190 Exception <a 'java/lang/NoClassDefFoundError'{0x0000000731694c40}: com/google/inject/servlet/ServletModuleTargetVisitor> (0x0000000731694c40) 
thrown [s\open\src\hotspot\share\classfile\systemDictionary.cpp, line 301]
Event: 3.964 Thread 0x000001ae216ae190 Exception <a 'java/lang/NoSuchMethodError'{0x0000000731458f30}: 'void java.lang.invoke.DirectMethodHandle$Holder.invokeVirtual(java.lang.Object, java.lang.Object)'> (0x0000000731458f30) 
thrown [s\open\src\hotspot\share\interpreter\linkResolver.cpp, line 773]
Event: 4.061 Thread 0x000001ae216ae190 Exception <a 'java/lang/NoSuchMethodError'{0x00000007314d8a60}: 'java.lang.Object java.lang.invoke.DirectMethodHandle$Holder.invokeStaticInit(java.lang.Object, int, int, int, int)'> (0x00000007314d8a60) 
thrown [s\open\src\hotspot\share\interpreter\linkResolver.cpp, line 773]
Event: 4.330 Thread 0x000001ae216ae190 Implicit null exception at 0x000001ae332628a4 to 0x000001ae33262f0c
Event: 4.330 Thread 0x000001ae216ae190 Implicit null exception at 0x000001ae3325e120 to 0x000001ae3325e780
Event: 4.402 Thread 0x000001ae216ae190 Exception <a 'java/lang/NoSuchMethodError'{0x0000000730eab140}: 'void java.lang.invoke.DirectMethodHandle$Holder.invokeSpecial(java.lang.Object, java.lang.Object, java.lang.Object, java.lang.Object, java.lang.Object)'> (0x0000000730eab140) 
thrown [s\open\src\hotspot\share\interpreter\linkResolver.cpp, line 773]
Event: 4.405 Thread 0x000001ae216ae190 Exception <a 'java/lang/NoSuchMethodError'{0x0000000730ec1090}: 'void java.lang.invoke.DirectMethodHandle$Holder.invokeSpecial(java.lang.Object, java.lang.Object, java.lang.Object, java.lang.Object, java.lang.Object, java.lang.Object)'> (0x0000000730ec1090) 
thrown [s\open\src\hotspot\share\interpreter\linkResolver.cpp, line 773]
Event: 4.439 Thread 0x000001ae216ae190 Exception <a 'java/lang/NoSuchMethodError'{0x0000000730fb6770}: 'java.lang.Object java.lang.invoke.DirectMethodHandle$Holder.invokeVirtual(java.lang.Object, java.lang.Object, java.lang.Object)'> (0x0000000730fb6770) 
thrown [s\open\src\hotspot\share\interpreter\linkResolver.cpp, line 773]
Event: 4.523 Thread 0x000001ae216ae190 Exception <a 'java/lang/NoSuchMethodError'{0x0000000730d29178}: 'void java.lang.invoke.DirectMethodHandle$Holder.invokeVirtual(java.lang.Object, java.lang.Object, int)'> (0x0000000730d29178) 
thrown [s\open\src\hotspot\share\interpreter\linkResolver.cpp, line 773]
Event: 4.525 Thread 0x000001ae216ae190 Exception <a 'java/lang/NoSuchMethodError'{0x0000000730d2cf28}: 'void java.lang.invoke.DirectMethodHandle$Holder.invokeSpecial(java.lang.Object, java.lang.Object, java.lang.Object, int)'> (0x0000000730d2cf28) 
thrown [s\open\src\hotspot\share\interpreter\linkResolver.cpp, line 773]
Event: 4.525 Thread 0x000001ae216ae190 Exception <a 'java/lang/NoSuchMethodError'{0x0000000730d305f8}: 'void java.lang.invoke.DelegatingMethodHandle$Holder.reinvoke_L(java.lang.Object, java.lang.Object, int)'> (0x0000000730d305f8) 
thrown [s\open\src\hotspot\share\interpreter\linkResolver.cpp, line 773]
Event: 7.231 Thread 0x000001ae216ae190 Exception <a 'java/lang/NoSuchMethodError'{0x000000072f051890}: 'int java.lang.invoke.DirectMethodHandle$Holder.invokeSpecialIFC(java.lang.Object, java.lang.Object, java.lang.Object, java.lang.Object)'> (0x000000072f051890) 
thrown [s\open\src\hotspot\share\interpreter\linkResolver.cpp, line 773]

ZGC Phase Switch (0 events):
No events

VM Operations (20 events):
Event: 3.500 Executing VM operation: HandshakeAllThreads (Deoptimize) done
Event: 3.710 Executing VM operation: HandshakeAllThreads (Deoptimize)
Event: 3.710 Executing VM operation: HandshakeAllThreads (Deoptimize) done
Event: 3.985 Executing VM operation: HandshakeAllThreads (Deoptimize)
Event: 3.985 Executing VM operation: HandshakeAllThreads (Deoptimize) done
Event: 4.067 Executing VM operation: ICBufferFull
Event: 4.068 Executing VM operation: ICBufferFull done
Event: 4.093 Executing VM operation: HandshakeAllThreads (Deoptimize)
Event: 4.093 Executing VM operation: HandshakeAllThreads (Deoptimize) done
Event: 4.154 Executing VM operation: HandshakeAllThreads (Deoptimize)
Event: 4.154 Executing VM operation: HandshakeAllThreads (Deoptimize) done
Event: 4.243 Executing VM operation: HandshakeAllThreads (Deoptimize)
Event: 4.243 Executing VM operation: HandshakeAllThreads (Deoptimize) done
Event: 4.246 Executing VM operation: HandshakeAllThreads (Deoptimize)
Event: 4.246 Executing VM operation: HandshakeAllThreads (Deoptimize) done
Event: 4.870 Executing VM operation: ICBufferFull
Event: 4.870 Executing VM operation: ICBufferFull done
Event: 6.871 Executing VM operation: Cleanup
Event: 6.871 Executing VM operation: Cleanup done
Event: 7.872 Executing VM operation: Cleanup

Events (20 events):
Event: 0.062 Thread 0x000001ae42a3dec0 Thread added: 0x000001ae42a3dec0
Event: 0.063 Thread 0x000001ae42a413a0 Thread added: 0x000001ae42a413a0
Event: 0.063 Thread 0x000001ae42a41df0 Thread added: 0x000001ae42a41df0
Event: 0.063 Thread 0x000001ae42a42840 Thread added: 0x000001ae42a42840
Event: 0.063 Thread 0x000001ae42a453d0 Thread added: 0x000001ae42a453d0
Event: 0.063 Thread 0x000001ae42a539c0 Thread added: 0x000001ae42a539c0
Event: 0.064 Thread 0x000001ae42a56070 Thread added: 0x000001ae42a56070
Event: 0.084 Thread 0x000001ae42c6d1c0 Thread added: 0x000001ae42c6d1c0
Event: 0.093 Thread 0x000001ae42cb5500 Thread added: 0x000001ae42cb5500
Event: 0.099 Thread 0x000001ae42cb9d40 Thread added: 0x000001ae42cb9d40
Event: 0.210 Thread 0x000001ae42d04af0 Thread added: 0x000001ae42d04af0
Event: 0.420 Thread 0x000001ae8809cdb0 Thread added: 0x000001ae8809cdb0
Event: 0.511 Thread 0x000001ae8809cdb0 Thread exited: 0x000001ae8809cdb0
Event: 0.624 Thread 0x000001ae88211820 Thread added: 0x000001ae88211820
Event: 0.626 Thread 0x000001ae882eb270 Thread added: 0x000001ae882eb270
Event: 1.948 Thread 0x000001ae42d04af0 Thread exited: 0x000001ae42d04af0
Event: 4.184 Thread 0x000001ae8910ac20 Thread added: 0x000001ae8910ac20
Event: 6.994 Thread 0x000001ae882eb270 Thread exited: 0x000001ae882eb270
Event: 6.994 Thread 0x000001ae88211820 Thread exited: 0x000001ae88211820
Event: 7.178 Thread 0x000001ae8860e800 Thread added: 0x000001ae8860e800


Dynamic libraries:
0x00007ff7840f0000 - 0x00007ff784100000 	C:\Program Files\Java\jdk-21\bin\java.exe
0x00007ffa89580000 - 0x00007ffa897e8000 	C:\WINDOWS\SYSTEM32\ntdll.dll
0x00007ffa88620000 - 0x00007ffa886e9000 	C:\WINDOWS\System32\KERNEL32.DLL
0x00007ffa86c90000 - 0x00007ffa87082000 	C:\WINDOWS\System32\KERNELBASE.dll
0x00007ffa87090000 - 0x00007ffa871db000 	C:\WINDOWS\System32\ucrtbase.dll
0x00007ffa6aa20000 - 0x00007ffa6aa3b000 	C:\Program Files\Java\jdk-21\bin\VCRUNTIME140.dll
0x00007ffa60510000 - 0x00007ffa60529000 	C:\Program Files\Java\jdk-21\bin\jli.dll
0x00007ffa89260000 - 0x00007ffa89314000 	C:\WINDOWS\System32\ADVAPI32.dll
0x00007ffa888b0000 - 0x00007ffa88959000 	C:\WINDOWS\System32\msvcrt.dll
0x00007ffa87350000 - 0x00007ffa873f6000 	C:\WINDOWS\System32\sechost.dll
0x00007ffa87650000 - 0x00007ffa87768000 	C:\WINDOWS\System32\RPCRT4.dll
0x00007ffa87f30000 - 0x00007ffa880f5000 	C:\WINDOWS\System32\USER32.dll
0x00007ffa6aa60000 - 0x00007ffa6acf3000 	C:\WINDOWS\WinSxS\amd64_microsoft.windows.common-controls_6595b64144ccf1df_6.0.26100.6899_none_3e0efeeae32e88c1\COMCTL32.dll
0x00007ffa86710000 - 0x00007ffa86737000 	C:\WINDOWS\System32\win32u.dll
0x00007ffa88100000 - 0x00007ffa8812b000 	C:\WINDOWS\System32\GDI32.dll
0x00007ffa86ac0000 - 0x00007ffa86bed000 	C:\WINDOWS\System32\gdi32full.dll
0x00007ffa86a10000 - 0x00007ffa86ab3000 	C:\WINDOWS\System32\msvcp_win.dll
0x00007ffa7ef70000 - 0x00007ffa7ef7b000 	C:\WINDOWS\SYSTEM32\VERSION.dll
0x00007ffa89320000 - 0x00007ffa8934f000 	C:\WINDOWS\System32\IMM32.DLL
0x00007ffa73bc0000 - 0x00007ffa73bcc000 	C:\Program Files\Java\jdk-21\bin\vcruntime140_1.dll
0x00007ffa5f030000 - 0x00007ffa5f0be000 	C:\Program Files\Java\jdk-21\bin\msvcp140.dll
0x00007ff9a4f30000 - 0x00007ff9a5c4d000 	C:\Program Files\Java\jdk-21\bin\server\jvm.dll
0x00007ffa885a0000 - 0x00007ffa88614000 	C:\WINDOWS\System32\WS2_32.dll
0x00007ffa86570000 - 0x00007ffa865ce000 	C:\WINDOWS\SYSTEM32\POWRPROF.dll
0x00007ffa7ef30000 - 0x00007ffa7ef65000 	C:\WINDOWS\SYSTEM32\WINMM.dll
0x00007ffa86550000 - 0x00007ffa86564000 	C:\WINDOWS\SYSTEM32\UMPDC.dll
0x00007ffa854e0000 - 0x00007ffa854fb000 	C:\WINDOWS\SYSTEM32\kernel.appcore.dll
0x00007ffa6a840000 - 0x00007ffa6a84a000 	C:\Program Files\Java\jdk-21\bin\jimage.dll
0x00007ffa83310000 - 0x00007ffa83552000 	C:\WINDOWS\SYSTEM32\DBGHELP.DLL
0x00007ffa88130000 - 0x00007ffa884ab000 	C:\WINDOWS\System32\combase.dll
0x00007ffa884c0000 - 0x00007ffa88597000 	C:\WINDOWS\System32\OLEAUT32.dll
0x00007ffa722c0000 - 0x00007ffa722fc000 	C:\WINDOWS\SYSTEM32\dbgcore.DLL
0x00007ffa86bf0000 - 0x00007ffa86c88000 	C:\WINDOWS\System32\bcryptPrimitives.dll
0x00007ffa5fe70000 - 0x00007ffa5fe8f000 	C:\Program Files\Java\jdk-21\bin\java.dll
0x00007ffa87770000 - 0x00007ffa87ebd000 	C:\WINDOWS\System32\SHELL32.dll
0x00007ffa871e0000 - 0x00007ffa8734b000 	C:\WINDOWS\System32\wintypes.dll
0x00007ffa84330000 - 0x00007ffa84b8d000 	C:\WINDOWS\SYSTEM32\windows.storage.dll
0x00007ffa89160000 - 0x00007ffa89252000 	C:\WINDOWS\System32\SHCORE.dll
0x00007ffa87ec0000 - 0x00007ffa87f22000 	C:\WINDOWS\System32\shlwapi.dll
0x00007ffa86630000 - 0x00007ffa86659000 	C:\WINDOWS\SYSTEM32\profapi.dll
0x00007ffa4b420000 - 0x00007ffa4b4f7000 	C:\Program Files\Java\jdk-21\bin\jsvml.dll
0x00007ffa6a660000 - 0x00007ffa6a670000 	C:\Program Files\Java\jdk-21\bin\net.dll
0x00007ffa7edf0000 - 0x00007ffa7ef0f000 	C:\WINDOWS\SYSTEM32\WINHTTP.dll
0x00007ffa85a50000 - 0x00007ffa85abb000 	C:\WINDOWS\system32\mswsock.dll
0x00007ffa5fe50000 - 0x00007ffa5fe66000 	C:\Program Files\Java\jdk-21\bin\nio.dll
0x00007ffa5fca0000 - 0x00007ffa5fcb8000 	C:\Program Files\Java\jdk-21\bin\zip.dll
0x00007ffa5f000000 - 0x00007ffa5f024000 	C:\Users\Dang Khoa\.m2\wrapper\dists\apache-maven-3.9.11\03d7e36a140982eea48e22c1dcac01d8862b2550b2939e09a0809bbc5182a5bc\lib\jansi-native\Windows\x86_64\jansi.dll
0x00007ffa69940000 - 0x00007ffa69950000 	C:\Program Files\Java\jdk-21\bin\verify.dll

dbghelp: loaded successfully - version: 4.0.5 - missing functions: none
symbol engine: initialized successfully - sym options: 0x614 - pdb path: .;C:\Program Files\Java\jdk-21\bin;C:\WINDOWS\SYSTEM32;C:\WINDOWS\WinSxS\amd64_microsoft.windows.common-controls_6595b64144ccf1df_6.0.26100.6899_none_3e0efeeae32e88c1;C:\Program Files\Java\jdk-21\bin\server;C:\Users\Dang Khoa\.m2\wrapper\dists\apache-maven-3.9.11\03d7e36a140982eea48e22c1dcac01d8862b2550b2939e09a0809bbc5182a5bc\lib\jansi-native\Windows\x86_64

VM Arguments:
jvm_args: --enable-native-access=ALL-UNNAMED -Dclassworlds.conf=C:\Users\Dang Khoa\.m2\wrapper\dists\apache-maven-3.9.11\03d7e36a140982eea48e22c1dcac01d8862b2550b2939e09a0809bbc5182a5bc\bin\m2.conf -Dmaven.home=C:\Users\Dang Khoa\.m2\wrapper\dists\apache-maven-3.9.11\03d7e36a140982eea48e22c1dcac01d8862b2550b2939e09a0809bbc5182a5bc -Dlibrary.jansi.path=C:\Users\Dang Khoa\.m2\wrapper\dists\apache-maven-3.9.11\03d7e36a140982eea48e22c1dcac01d8862b2550b2939e09a0809bbc5182a5bc\lib\jansi-native -Dmaven.multiModuleProjectDirectory=D:\FPTU\Fall_2025\SWP391\Backend\ev-charging-station-management-system 
java_command: org.codehaus.plexus.classworlds.launcher.Launcher -DskipTests clean compile
java_class_path (initial): C:\Users\Dang Khoa\.m2\wrapper\dists\apache-maven-3.9.11\03d7e36a140982eea48e22c1dcac01d8862b2550b2939e09a0809bbc5182a5bc\boot\plexus-classworlds-2.9.0.jar
Launcher Type: SUN_STANDARD

[Global flags]
     intx CICompilerCount                          = 12                                        {product} {ergonomic}
     uint ConcGCThreads                            = 3                                         {product} {ergonomic}
     uint G1ConcRefinementThreads                  = 13                                        {product} {ergonomic}
   size_t G1HeapRegionSize                         = 2097152                                   {product} {ergonomic}
    uintx GCDrainStackTargetSize                   = 64                                        {product} {ergonomic}
   size_t InitialHeapSize                          = 230686720                                 {product} {ergonomic}
   size_t MarkStackSize                            = 4194304                                   {product} {ergonomic}
   size_t MaxHeapSize                              = 3676307456                                {product} {ergonomic}
   size_t MaxNewSize                               = 2204106752                                {product} {ergonomic}
   size_t MinHeapDeltaBytes                        = 2097152                                   {product} {ergonomic}
   size_t MinHeapSize                              = 8388608                                   {product} {ergonomic}
    uintx NonNMethodCodeHeapSize                   = 7602480                                {pd product} {ergonomic}
    uintx NonProfiledCodeHeapSize                  = 122027880                              {pd product} {ergonomic}
    uintx ProfiledCodeHeapSize                     = 122027880                              {pd product} {ergonomic}
    uintx ReservedCodeCacheSize                    = 251658240                              {pd product} {ergonomic}
     bool SegmentedCodeCache                       = true                                      {product} {ergonomic}
   size_t SoftMaxHeapSize                          = 3676307456                             {manageable} {ergonomic}
     bool UseCompressedOops                        = true                           {product lp64_product} {ergonomic}
     bool UseG1GC                                  = true                                      {product} {ergonomic}
     bool UseLargePagesIndividualAllocation        = false                                  {pd product} {ergonomic}

Logging:
Log output configuration:
 #0: stdout all=warning uptime,level,tags foldmultilines=false
 #1: stderr all=off uptime,level,tags foldmultilines=false

Environment Variables:
JAVA_HOME=C:\Program Files\Java\jdk-21
CLASSPATH=.;C:\Program Files\Java\jdk1.8.0_202\lib;C:\Program Files\Java\jdk1.8.0_202\jre\lib
PATH=C:\Program Files\Common Files\Oracle\Java\javapath;C:\Program Files (x86)\Common Files\Oracle\Java\java8path;C:\Program Files (x86)\Common Files\Oracle\Java\javapath;C:\Program Files (x86)\VMware\VMware Workstation\bin\;C:\WINDOWS\system32;C:\WINDOWS;C:\WINDOWS\System32\Wbem;C:\WINDOWS\System32\WindowsPowerShell\v1.0\;C:\WINDOWS\System32\OpenSSH\;C:\Program Files (x86)\Microsoft SQL Server\160\Tools\Binn\;C:\Program Files\Microsoft SQL Server\160\Tools\Binn\;C:\Program Files\Microsoft SQL Server\Client SDK\ODBC\170\Tools\Binn\;C:\Program Files\Microsoft SQL Server\160\DTS\Binn\;C:\Program Files (x86)\Microsoft SQL Server\160\DTS\Binn\;C:\Program Files\Azure Data Studio\bin;C:\Program Files\Java\jdk1.8.0_202\bin;C:\Program Files\Cloudflare\Cloudflare WARP\;C:\Program Files\Git\cmd;C:\Program Files\Docker\Docker\resources\bin;C:\Program Files\Java\jdk-21\bin;C:\Program Files\nodejs\;C:\Users\Dang Khoa\AppData\Local\Microsoft\WindowsApps;C:\Program Files\Azure Data Studio\bin;D:\Microsoft VS Code\bin;C:\Users\Dang Khoa\AppData\Local\Google\Cloud SDK\google-cloud-sdk\bin;C:\Users\Dang Khoa\AppData\Roaming\npm
USERNAME=Dang Khoa
OS=Windows_NT
PROCESSOR_IDENTIFIER=AMD64 Family 25 Model 68 Stepping 1, AuthenticAMD
TMP=C:\Users\DANGKH~1\AppData\Local\Temp
TEMP=C:\Users\DANGKH~1\AppData\Local\Temp




Periodic native trim disabled

---------------  S Y S T E M  ---------------

OS:
 Windows 11 , 64 bit Build 26100 (10.0.26100.6725)
OS uptime: 2 days 20:03 hours
Hyper-V role detected

CPU: total 16 (initial active 16) (16 cores per cpu, 2 threads per core) family 25 model 68 stepping 1 microcode 0xa404107, cx8, cmov, fxsr, ht, mmx, 3dnowpref, sse, sse2, sse3, ssse3, sse4a, sse4.1, sse4.2, popcnt, lzcnt, tsc, tscinvbit, avx, avx2, aes, erms, clmul, bmi1, bmi2, adx, sha, fma, vzeroupper, clflush, clflushopt, hv, rdtscp, rdpid, fsrm, f16c, cet_ss
Processor Information for processor 0
  Max Mhz: 3201, Current Mhz: 2508, Mhz Limit: 3201
Processor Information for processor 1
  Max Mhz: 3201, Current Mhz: 2508, Mhz Limit: 3201
Processor Information for processor 2
  Max Mhz: 3201, Current Mhz: 2508, Mhz Limit: 3201
Processor Information for processor 3
  Max Mhz: 3201, Current Mhz: 2508, Mhz Limit: 3201
Processor Information for processor 4
  Max Mhz: 3201, Current Mhz: 2508, Mhz Limit: 3201
Processor Information for processor 5
  Max Mhz: 3201, Current Mhz: 2508, Mhz Limit: 3201
Processor Information for processor 6
  Max Mhz: 3201, Current Mhz: 2508, Mhz Limit: 3201
Processor Information for processor 7
  Max Mhz: 3201, Current Mhz: 2508, Mhz Limit: 3201
Processor Information for processor 8
  Max Mhz: 3201, Current Mhz: 2508, Mhz Limit: 3201
Processor Information for processor 9
  Max Mhz: 3201, Current Mhz: 1989, Mhz Limit: 3201
Processor Information for processor 10
  Max Mhz: 3201, Current Mhz: 1989, Mhz Limit: 3201
Processor Information for processor 11
  Max Mhz: 3201, Current Mhz: 1989, Mhz Limit: 3201
Processor Information for processor 12
  Max Mhz: 3201, Current Mhz: 1989, Mhz Limit: 3201
Processor Information for processor 13
  Max Mhz: 3201, Current Mhz: 1989, Mhz Limit: 3201
Processor Information for processor 14
  Max Mhz: 3201, Current Mhz: 1989, Mhz Limit: 3201
Processor Information for processor 15
  Max Mhz: 3201, Current Mhz: 1989, Mhz Limit: 3201

Memory: 4k page, system-wide physical 14020M (3155M free)
TotalPageFile size 39707M (AvailPageFile size 306M)
current process WorkingSet (physical memory assigned to process): 139M, peak: 139M
current process commit charge ("private bytes"): 359M, peak: 359M

vm_info: Java HotSpot(TM) 64-Bit Server VM (21.0.8+12-LTS-250) for windows-amd64 JRE (21.0.8+12-LTS-250), built on 2025-06-27T08:11:22Z by "mach5one" with MS VC++ 17.6 (VS2022)

END.
